<?xml version="1.0" encoding="UTF-8"?><testsuites duration="50.5"><testsuite failures="0" name="Junit Auto Discovery Test" package="tests/autodiscovery" tests="1" time="0.256"><testcase classname="tests/autodiscovery" name="Should be discovered by junit pattern" time="0.103"/></testsuite></testsuites>
