<?xml version="1.0" encoding="UTF-8"?><testsuites duration="50.5"><testsuite failures="0" name="TEST- Auto Discovery" package="tests/autodiscovery/nested" tests="1" time="0.256"><testcase classname="tests/autodiscovery/nested" name="Should be discovered by TEST- pattern" time="0.103"/></testsuite></testsuites>
